Arguments: 
  C:\Program Files\nodejs\node.exe C:\Users\ABC\AppData\Roaming\npm\node_modules\yarn\bin\yarn.js add react-native-paper

PATH: 
  C:\Program Files\Common Files\Oracle\Java\javapath;C:\WINDOWS\system32;C:\WINDOWS;C:\WINDOWS\System32\Wbem;C:\WINDOWS\System32\WindowsPowerShell\v1.0\;C:\WINDOWS\System32\OpenSSH\;C:\Program Files\Java\jdk-19\bin;C:\Program Files\Git\cmd;C:\Program Files\nodejs\;C:\Users\ABC\AppData\Local\Microsoft\WindowsApps;;C:\Users\ABC\AppData\Local\Programs\Microsoft VS Code\bin;C:\Users\ABC\AppData\Roaming\npm

Yarn version: 
  1.22.19

Node version: 
  18.16.0

Platform: 
  win32 x64

Trace: 
  Error: EPERM: operation not permitted, copyfile 'C:\Users\ABC\AppData\Local\Yarn\Cache\v6\npm-expo-48.0.19-0f13be65d3cac99922666e5939388fc22b147e6a-integrity\node_modules\expo\package.json' -> 'C:\Users\ABC\Desktop\metafic\AwesomeProject\node_modules\expo\package.json'

npm manifest: 
  {
    "name": "awesomeproject",
    "version": "1.0.0",
    "main": "node_modules/expo/AppEntry.js",
    "scripts": {
      "start": "expo start",
      "android": "expo start --android",
      "ios": "expo start --ios",
      "web": "expo start --web"
    },
    "dependencies": {
      "expo": "~48.0.18",
      "expo-status-bar": "~1.4.4",
      "react": "18.2.0",
      "react-native": "0.71.8",
      "uuid": "^7.0.3",
      "react-native-web": "~0.18.10",
      "react-dom": "18.2.0",
      "@expo/webpack-config": "^18.0.1"
    },
    "devDependencies": {
      "@babel/core": "^7.20.0"
    },
    "private": true
  }

yarn manifest: 
  No manifest

Lockfile: 
  No lockfile
